2013/11/24 11:31:09 [error] [exception.CHttpException.404] exception 'CHttpException' with message 'Unable to resolve the request "guii".' in C:\wamp\www\PPE3\framework\web\CWebApplication.php:286
Stack trace:
#0 C:\wamp\www\PPE3\framework\web\CWebApplication.php(141): CWebApplication->runController('guii')
#1 C:\wamp\www\PPE3\framework\base\CApplication.php(180): CWebApplication->processRequest()
#2 C:\wamp\www\PPE3\admin\index.php(13): CApplication->run()
#3 {main}
REQUEST_URI=/PPE3/admin/index.php?r=guii
---
2013/11/24 11:31:12 [error] [exception.CHttpException.404] exception 'CHttpException' with message 'Unable to resolve the request "gui".' in C:\wamp\www\PPE3\framework\web\CWebApplication.php:286
Stack trace:
#0 C:\wamp\www\PPE3\framework\web\CWebApplication.php(141): CWebApplication->runController('gui')
#1 C:\wamp\www\PPE3\framework\base\CApplication.php(180): CWebApplication->processRequest()
#2 C:\wamp\www\PPE3\admin\index.php(13): CApplication->run()
#3 {main}
REQUEST_URI=/PPE3/admin/index.php?r=gui
---
2013/11/24 14:55:26 [error] [system.db.CDbCommand] CDbCommand::execute() failed: SQLSTATE[23000]: Integrity constraint violation: 1452 Cannot add or update a child row: a foreign key constraint fails (`ecolededanse`.`participer`, CONSTRAINT `participer_ibfk_3` FOREIGN KEY (`cours_id`) REFERENCES `cours` (`id`)). The SQL statement executed was: INSERT INTO `participer` (`cours_id`, `enfant_id`) VALUES (:yp0, :yp1).
in C:\wamp\www\PPE3\admin\protected\controllers\ParticiperController.php (73)
in C:\wamp\www\PPE3\admin\index.php (13)
2013/11/24 14:55:26 [error] [exception.CDbException] exception 'CDbException' with message 'CDbCommand failed to execute the SQL statement: SQLSTATE[23000]: Integrity constraint violation: 1452 Cannot add or update a child row: a foreign key constraint fails (`ecolededanse`.`participer`, CONSTRAINT `participer_ibfk_3` FOREIGN KEY (`cours_id`) REFERENCES `cours` (`id`)). The SQL statement executed was: INSERT INTO `participer` (`cours_id`, `enfant_id`) VALUES (:yp0, :yp1)' in C:\wamp\www\PPE3\framework\db\CDbCommand.php:358
Stack trace:
#0 C:\wamp\www\PPE3\framework\db\ar\CActiveRecord.php(1077): CDbCommand->execute()
#1 C:\wamp\www\PPE3\framework\db\ar\CActiveRecord.php(806): CActiveRecord->insert(NULL)
#2 C:\wamp\www\PPE3\admin\protected\controllers\ParticiperController.php(73): CActiveRecord->save()
#3 C:\wamp\www\PPE3\framework\web\actions\CInlineAction.php(49): ParticiperController->actionCreate()
#4 C:\wamp\www\PPE3\framework\web\CController.php(308): CInlineAction->runWithParams(Array)
#5 C:\wamp\www\PPE3\framework\web\filters\CFilterChain.php(133): CController->runAction(Object(CInlineAction))
#6 C:\wamp\www\PPE3\framework\web\filters\CFilter.php(40): CFilterChain->run()
#7 C:\wamp\www\PPE3\framework\web\CController.php(1145): CFilter->filter(Object(CFilterChain))
#8 C:\wamp\www\PPE3\framework\web\filters\CInlineFilter.php(58): CController->filterAccessControl(Object(CFilterChain))
#9 C:\wamp\www\PPE3\framework\web\filters\CFilterChain.php(130): CInlineFilter->filter(Object(CFilterChain))
#10 C:\wamp\www\PPE3\framework\web\CController.php(291): CFilterChain->run()
#11 C:\wamp\www\PPE3\framework\web\CController.php(265): CController->runActionWithFilters(Object(CInlineAction), Array)
#12 C:\wamp\www\PPE3\framework\web\CWebApplication.php(282): CController->run('create')
#13 C:\wamp\www\PPE3\framework\web\CWebApplication.php(141): CWebApplication->runController('participer/crea...')
#14 C:\wamp\www\PPE3\framework\base\CApplication.php(180): CWebApplication->processRequest()
#15 C:\wamp\www\PPE3\admin\index.php(13): CApplication->run()
#16 {main}
REQUEST_URI=/PPE3/admin/index.php?r=participer/create
HTTP_REFERER=http://localhost/PPE3/admin/index.php?r=participer/create
---
2013/11/25 18:09:33 [error] [exception.CDbException] exception 'CDbException' with message 'CDbConnection failed to open the DB connection: SQLSTATE[HY000] [1045] Access denied for user 'ecoleedanse'@'localhost' (using password: YES)' in C:\wamp\www\PPE3\framework\db\CDbConnection.php:382
Stack trace:
#0 C:\wamp\www\PPE3\framework\db\CDbConnection.php(330): CDbConnection->open()
#1 C:\wamp\www\PPE3\framework\db\CDbConnection.php(308): CDbConnection->setActive(true)
#2 C:\wamp\www\PPE3\framework\base\CModule.php(387): CDbConnection->init()
#3 C:\wamp\www\PPE3\framework\base\CApplication.php(450): CModule->getComponent('db')
#4 C:\wamp\www\PPE3\framework\db\ar\CActiveRecord.php(634): CApplication->getDb()
#5 C:\wamp\www\PPE3\framework\db\ar\CActiveRecord.php(667): CActiveRecord->getDbConnection()
#6 C:\wamp\www\PPE3\framework\db\ar\CActiveRecord.php(1595): CActiveRecord->getCommandBuilder()
#7 C:\wamp\www\PPE3\framework\web\CActiveDataProvider.php(228): CActiveRecord->count(Object(CDbCriteria))
#8 C:\wamp\www\PPE3\framework\web\CDataProvider.php(224): CActiveDataProvider->calculateTotalItemCount()
#9 C:\wamp\www\PPE3\framework\web\CActiveDataProvider.php(178): CDataProvider->getTotalItemCount()
#10 C:\wamp\www\PPE3\framework\web\CDataProvider.php(168): CActiveDataProvider->fetchData()
#11 C:\wamp\www\PPE3\framework\zii\widgets\CBaseListView.php(111): CDataProvider->getData()
#12 C:\wamp\www\PPE3\framework\zii\widgets\CListView.php(211): CBaseListView->init()
#13 C:\wamp\www\PPE3\framework\web\CBaseController.php(147): CListView->init()
#14 C:\wamp\www\PPE3\framework\web\CBaseController.php(172): CBaseController->createWidget('zii.widgets.CLi...', Array)
#15 C:\wamp\www\PPE3\admin\protected\views\article\index.php(20): CBaseController->widget('zii.widgets.CLi...', Array)
#16 C:\wamp\www\PPE3\framework\web\CBaseController.php(126): require('C:\wamp\www\PPE...')
#17 C:\wamp\www\PPE3\framework\web\CBaseController.php(95): CBaseController->renderInternal('C:\wamp\www\PPE...', Array, true)
#18 C:\wamp\www\PPE3\framework\web\CController.php(869): CBaseController->renderFile('C:\wamp\www\PPE...', Array, true)
#19 C:\wamp\www\PPE3\framework\web\CController.php(782): CController->renderPartial('index', Array, true)
#20 C:\wamp\www\PPE3\admin\protected\controllers\ArticleController.php(128): CController->render('index', Array)
#21 C:\wamp\www\PPE3\framework\web\actions\CInlineAction.php(49): ArticleController->actionIndex()
#22 C:\wamp\www\PPE3\framework\web\CController.php(308): CInlineAction->runWithParams(Array)
#23 C:\wamp\www\PPE3\framework\web\filters\CFilterChain.php(133): CController->runAction(Object(CInlineAction))
#24 C:\wamp\www\PPE3\framework\web\filters\CFilter.php(40): CFilterChain->run()
#25 C:\wamp\www\PPE3\framework\web\CController.php(1145): CFilter->filter(Object(CFilterChain))
#26 C:\wamp\www\PPE3\framework\web\filters\CInlineFilter.php(58): CController->filterAccessControl(Object(CFilterChain))
#27 C:\wamp\www\PPE3\framework\web\filters\CFilterChain.php(130): CInlineFilter->filter(Object(CFilterChain))
#28 C:\wamp\www\PPE3\framework\web\CController.php(291): CFilterChain->run()
#29 C:\wamp\www\PPE3\framework\web\CController.php(265): CController->runActionWithFilters(Object(CInlineAction), Array)
#30 C:\wamp\www\PPE3\framework\web\CWebApplication.php(282): CController->run('')
#31 C:\wamp\www\PPE3\framework\web\CWebApplication.php(141): CWebApplication->runController('article')
#32 C:\wamp\www\PPE3\framework\base\CApplication.php(180): CWebApplication->processRequest()
#33 C:\wamp\www\PPE3\admin\index.php(13): CApplication->run()
#34 {main}
REQUEST_URI=/PPE3/admin/index.php?r=article
HTTP_REFERER=http://localhost/PPE3/admin/
---
2013/11/25 21:37:00 [error] [exception.CDbException] exception 'CDbException' with message 'CDbConnection failed to open the DB connection: SQLSTATE[HY000] [1045] Access denied for user 'ecolededanse'@'localhost' (using password: YES)' in C:\wamp\www\PPE\framework\db\CDbConnection.php:382
Stack trace:
#0 C:\wamp\www\PPE\framework\db\CDbConnection.php(330): CDbConnection->open()
#1 C:\wamp\www\PPE\framework\db\CDbConnection.php(308): CDbConnection->setActive(true)
#2 C:\wamp\www\PPE\framework\base\CModule.php(387): CDbConnection->init()
#3 C:\wamp\www\PPE\framework\base\CApplication.php(450): CModule->getComponent('db')
#4 C:\wamp\www\PPE\framework\db\ar\CActiveRecord.php(634): CApplication->getDb()
#5 C:\wamp\www\PPE\framework\db\ar\CActiveRecord.php(667): CActiveRecord->getDbConnection()
#6 C:\wamp\www\PPE\framework\db\ar\CActiveRecord.php(1595): CActiveRecord->getCommandBuilder()
#7 C:\wamp\www\PPE\framework\web\CActiveDataProvider.php(228): CActiveRecord->count(Object(CDbCriteria))
#8 C:\wamp\www\PPE\framework\web\CDataProvider.php(224): CActiveDataProvider->calculateTotalItemCount()
#9 C:\wamp\www\PPE\framework\web\CActiveDataProvider.php(178): CDataProvider->getTotalItemCount()
#10 C:\wamp\www\PPE\framework\web\CDataProvider.php(168): CActiveDataProvider->fetchData()
#11 C:\wamp\www\PPE\framework\zii\widgets\CBaseListView.php(111): CDataProvider->getData()
#12 C:\wamp\www\PPE\framework\zii\widgets\CListView.php(211): CBaseListView->init()
#13 C:\wamp\www\PPE\framework\web\CBaseController.php(147): CListView->init()
#14 C:\wamp\www\PPE\framework\web\CBaseController.php(172): CBaseController->createWidget('zii.widgets.CLi...', Array)
#15 C:\wamp\www\PPE\admin\protected\views\article\index.php(20): CBaseController->widget('zii.widgets.CLi...', Array)
#16 C:\wamp\www\PPE\framework\web\CBaseController.php(126): require('C:\wamp\www\PPE...')
#17 C:\wamp\www\PPE\framework\web\CBaseController.php(95): CBaseController->renderInternal('C:\wamp\www\PPE...', Array, true)
#18 C:\wamp\www\PPE\framework\web\CController.php(869): CBaseController->renderFile('C:\wamp\www\PPE...', Array, true)
#19 C:\wamp\www\PPE\framework\web\CController.php(782): CController->renderPartial('index', Array, true)
#20 C:\wamp\www\PPE\admin\protected\controllers\ArticleController.php(128): CController->render('index', Array)
#21 C:\wamp\www\PPE\framework\web\actions\CInlineAction.php(49): ArticleController->actionIndex()
#22 C:\wamp\www\PPE\framework\web\CController.php(308): CInlineAction->runWithParams(Array)
#23 C:\wamp\www\PPE\framework\web\filters\CFilterChain.php(133): CController->runAction(Object(CInlineAction))
#24 C:\wamp\www\PPE\framework\web\filters\CFilter.php(40): CFilterChain->run()
#25 C:\wamp\www\PPE\framework\web\CController.php(1145): CFilter->filter(Object(CFilterChain))
#26 C:\wamp\www\PPE\framework\web\filters\CInlineFilter.php(58): CController->filterAccessControl(Object(CFilterChain))
#27 C:\wamp\www\PPE\framework\web\filters\CFilterChain.php(130): CInlineFilter->filter(Object(CFilterChain))
#28 C:\wamp\www\PPE\framework\web\CController.php(291): CFilterChain->run()
#29 C:\wamp\www\PPE\framework\web\CController.php(265): CController->runActionWithFilters(Object(CInlineAction), Array)
#30 C:\wamp\www\PPE\framework\web\CWebApplication.php(282): CController->run('')
#31 C:\wamp\www\PPE\framework\web\CWebApplication.php(141): CWebApplication->runController('article')
#32 C:\wamp\www\PPE\framework\base\CApplication.php(180): CWebApplication->processRequest()
#33 C:\wamp\www\PPE\admin\index.php(13): CApplication->run()
#34 {main}
REQUEST_URI=/PPE/admin/index.php?r=article
HTTP_REFERER=http://localhost/PPE/admin/
---
2013/11/25 21:37:21 [error] [exception.CDbException] exception 'CDbException' with message 'CDbConnection failed to open the DB connection: SQLSTATE[HY000] [1045] Access denied for user 'ecolededanse'@'localhost' (using password: YES)' in C:\wamp\www\PPE\framework\db\CDbConnection.php:382
Stack trace:
#0 C:\wamp\www\PPE\framework\db\CDbConnection.php(330): CDbConnection->open()
#1 C:\wamp\www\PPE\framework\db\CDbConnection.php(308): CDbConnection->setActive(true)
#2 C:\wamp\www\PPE\framework\base\CModule.php(387): CDbConnection->init()
#3 C:\wamp\www\PPE\framework\base\CApplication.php(450): CModule->getComponent('db')
#4 C:\wamp\www\PPE\framework\db\ar\CActiveRecord.php(634): CApplication->getDb()
#5 C:\wamp\www\PPE\framework\db\ar\CActiveRecord.php(667): CActiveRecord->getDbConnection()
#6 C:\wamp\www\PPE\framework\db\ar\CActiveRecord.php(1595): CActiveRecord->getCommandBuilder()
#7 C:\wamp\www\PPE\framework\web\CActiveDataProvider.php(228): CActiveRecord->count(Object(CDbCriteria))
#8 C:\wamp\www\PPE\framework\web\CDataProvider.php(224): CActiveDataProvider->calculateTotalItemCount()
#9 C:\wamp\www\PPE\framework\web\CActiveDataProvider.php(178): CDataProvider->getTotalItemCount()
#10 C:\wamp\www\PPE\framework\web\CDataProvider.php(168): CActiveDataProvider->fetchData()
#11 C:\wamp\www\PPE\framework\zii\widgets\CBaseListView.php(111): CDataProvider->getData()
#12 C:\wamp\www\PPE\framework\zii\widgets\CListView.php(211): CBaseListView->init()
#13 C:\wamp\www\PPE\framework\web\CBaseController.php(147): CListView->init()
#14 C:\wamp\www\PPE\framework\web\CBaseController.php(172): CBaseController->createWidget('zii.widgets.CLi...', Array)
#15 C:\wamp\www\PPE\admin\protected\views\article\index.php(20): CBaseController->widget('zii.widgets.CLi...', Array)
#16 C:\wamp\www\PPE\framework\web\CBaseController.php(126): require('C:\wamp\www\PPE...')
#17 C:\wamp\www\PPE\framework\web\CBaseController.php(95): CBaseController->renderInternal('C:\wamp\www\PPE...', Array, true)
#18 C:\wamp\www\PPE\framework\web\CController.php(869): CBaseController->renderFile('C:\wamp\www\PPE...', Array, true)
#19 C:\wamp\www\PPE\framework\web\CController.php(782): CController->renderPartial('index', Array, true)
#20 C:\wamp\www\PPE\admin\protected\controllers\ArticleController.php(128): CController->render('index', Array)
#21 C:\wamp\www\PPE\framework\web\actions\CInlineAction.php(49): ArticleController->actionIndex()
#22 C:\wamp\www\PPE\framework\web\CController.php(308): CInlineAction->runWithParams(Array)
#23 C:\wamp\www\PPE\framework\web\filters\CFilterChain.php(133): CController->runAction(Object(CInlineAction))
#24 C:\wamp\www\PPE\framework\web\filters\CFilter.php(40): CFilterChain->run()
#25 C:\wamp\www\PPE\framework\web\CController.php(1145): CFilter->filter(Object(CFilterChain))
#26 C:\wamp\www\PPE\framework\web\filters\CInlineFilter.php(58): CController->filterAccessControl(Object(CFilterChain))
#27 C:\wamp\www\PPE\framework\web\filters\CFilterChain.php(130): CInlineFilter->filter(Object(CFilterChain))
#28 C:\wamp\www\PPE\framework\web\CController.php(291): CFilterChain->run()
#29 C:\wamp\www\PPE\framework\web\CController.php(265): CController->runActionWithFilters(Object(CInlineAction), Array)
#30 C:\wamp\www\PPE\framework\web\CWebApplication.php(282): CController->run('')
#31 C:\wamp\www\PPE\framework\web\CWebApplication.php(141): CWebApplication->runController('article')
#32 C:\wamp\www\PPE\framework\base\CApplication.php(180): CWebApplication->processRequest()
#33 C:\wamp\www\PPE\admin\index.php(13): CApplication->run()
#34 {main}
REQUEST_URI=/PPE/admin/index.php?r=article
HTTP_REFERER=http://localhost/PPE/admin/index.php
---
2013/11/25 21:37:56 [error] [exception.CDbException] exception 'CDbException' with message 'CDbConnection failed to open the DB connection: SQLSTATE[HY000] [1045] Access denied for user 'ecolededanse'@'localhost' (using password: YES)' in C:\wamp\www\PPE\framework\db\CDbConnection.php:382
Stack trace:
#0 C:\wamp\www\PPE\framework\db\CDbConnection.php(330): CDbConnection->open()
#1 C:\wamp\www\PPE\framework\db\CDbConnection.php(308): CDbConnection->setActive(true)
#2 C:\wamp\www\PPE\framework\base\CModule.php(387): CDbConnection->init()
#3 C:\wamp\www\PPE\framework\base\CApplication.php(450): CModule->getComponent('db')
#4 C:\wamp\www\PPE\framework\db\ar\CActiveRecord.php(634): CApplication->getDb()
#5 C:\wamp\www\PPE\framework\db\ar\CActiveRecord.php(667): CActiveRecord->getDbConnection()
#6 C:\wamp\www\PPE\framework\db\ar\CActiveRecord.php(1595): CActiveRecord->getCommandBuilder()
#7 C:\wamp\www\PPE\framework\web\CActiveDataProvider.php(228): CActiveRecord->count(Object(CDbCriteria))
#8 C:\wamp\www\PPE\framework\web\CDataProvider.php(224): CActiveDataProvider->calculateTotalItemCount()
#9 C:\wamp\www\PPE\framework\web\CActiveDataProvider.php(178): CDataProvider->getTotalItemCount()
#10 C:\wamp\www\PPE\framework\web\CDataProvider.php(168): CActiveDataProvider->fetchData()
#11 C:\wamp\www\PPE\framework\zii\widgets\CBaseListView.php(111): CDataProvider->getData()
#12 C:\wamp\www\PPE\framework\zii\widgets\CListView.php(211): CBaseListView->init()
#13 C:\wamp\www\PPE\framework\web\CBaseController.php(147): CListView->init()
#14 C:\wamp\www\PPE\framework\web\CBaseController.php(172): CBaseController->createWidget('zii.widgets.CLi...', Array)
#15 C:\wamp\www\PPE\admin\protected\views\article\index.php(20): CBaseController->widget('zii.widgets.CLi...', Array)
#16 C:\wamp\www\PPE\framework\web\CBaseController.php(126): require('C:\wamp\www\PPE...')
#17 C:\wamp\www\PPE\framework\web\CBaseController.php(95): CBaseController->renderInternal('C:\wamp\www\PPE...', Array, true)
#18 C:\wamp\www\PPE\framework\web\CController.php(869): CBaseController->renderFile('C:\wamp\www\PPE...', Array, true)
#19 C:\wamp\www\PPE\framework\web\CController.php(782): CController->renderPartial('index', Array, true)
#20 C:\wamp\www\PPE\admin\protected\controllers\ArticleController.php(128): CController->render('index', Array)
#21 C:\wamp\www\PPE\framework\web\actions\CInlineAction.php(49): ArticleController->actionIndex()
#22 C:\wamp\www\PPE\framework\web\CController.php(308): CInlineAction->runWithParams(Array)
#23 C:\wamp\www\PPE\framework\web\filters\CFilterChain.php(133): CController->runAction(Object(CInlineAction))
#24 C:\wamp\www\PPE\framework\web\filters\CFilter.php(40): CFilterChain->run()
#25 C:\wamp\www\PPE\framework\web\CController.php(1145): CFilter->filter(Object(CFilterChain))
#26 C:\wamp\www\PPE\framework\web\filters\CInlineFilter.php(58): CController->filterAccessControl(Object(CFilterChain))
#27 C:\wamp\www\PPE\framework\web\filters\CFilterChain.php(130): CInlineFilter->filter(Object(CFilterChain))
#28 C:\wamp\www\PPE\framework\web\CController.php(291): CFilterChain->run()
#29 C:\wamp\www\PPE\framework\web\CController.php(265): CController->runActionWithFilters(Object(CInlineAction), Array)
#30 C:\wamp\www\PPE\framework\web\CWebApplication.php(282): CController->run('')
#31 C:\wamp\www\PPE\framework\web\CWebApplication.php(141): CWebApplication->runController('article')
#32 C:\wamp\www\PPE\framework\base\CApplication.php(180): CWebApplication->processRequest()
#33 C:\wamp\www\PPE\admin\index.php(13): CApplication->run()
#34 {main}
REQUEST_URI=/PPE/admin/index.php?r=article
HTTP_REFERER=http://localhost/PPE/admin/index.php
---
2013/11/25 21:37:57 [error] [exception.CDbException] exception 'CDbException' with message 'CDbConnection failed to open the DB connection: SQLSTATE[HY000] [1045] Access denied for user 'ecolededanse'@'localhost' (using password: YES)' in C:\wamp\www\PPE\framework\db\CDbConnection.php:382
Stack trace:
#0 C:\wamp\www\PPE\framework\db\CDbConnection.php(330): CDbConnection->open()
#1 C:\wamp\www\PPE\framework\db\CDbConnection.php(308): CDbConnection->setActive(true)
#2 C:\wamp\www\PPE\framework\base\CModule.php(387): CDbConnection->init()
#3 C:\wamp\www\PPE\framework\base\CApplication.php(450): CModule->getComponent('db')
#4 C:\wamp\www\PPE\framework\db\ar\CActiveRecord.php(634): CApplication->getDb()
#5 C:\wamp\www\PPE\framework\db\ar\CActiveRecord.php(667): CActiveRecord->getDbConnection()
#6 C:\wamp\www\PPE\framework\db\ar\CActiveRecord.php(1595): CActiveRecord->getCommandBuilder()
#7 C:\wamp\www\PPE\framework\web\CActiveDataProvider.php(228): CActiveRecord->count(Object(CDbCriteria))
#8 C:\wamp\www\PPE\framework\web\CDataProvider.php(224): CActiveDataProvider->calculateTotalItemCount()
#9 C:\wamp\www\PPE\framework\web\CActiveDataProvider.php(178): CDataProvider->getTotalItemCount()
#10 C:\wamp\www\PPE\framework\web\CDataProvider.php(168): CActiveDataProvider->fetchData()
#11 C:\wamp\www\PPE\framework\zii\widgets\CBaseListView.php(111): CDataProvider->getData()
#12 C:\wamp\www\PPE\framework\zii\widgets\CListView.php(211): CBaseListView->init()
#13 C:\wamp\www\PPE\framework\web\CBaseController.php(147): CListView->init()
#14 C:\wamp\www\PPE\framework\web\CBaseController.php(172): CBaseController->createWidget('zii.widgets.CLi...', Array)
#15 C:\wamp\www\PPE\admin\protected\views\article\index.php(20): CBaseController->widget('zii.widgets.CLi...', Array)
#16 C:\wamp\www\PPE\framework\web\CBaseController.php(126): require('C:\wamp\www\PPE...')
#17 C:\wamp\www\PPE\framework\web\CBaseController.php(95): CBaseController->renderInternal('C:\wamp\www\PPE...', Array, true)
#18 C:\wamp\www\PPE\framework\web\CController.php(869): CBaseController->renderFile('C:\wamp\www\PPE...', Array, true)
#19 C:\wamp\www\PPE\framework\web\CController.php(782): CController->renderPartial('index', Array, true)
#20 C:\wamp\www\PPE\admin\protected\controllers\ArticleController.php(128): CController->render('index', Array)
#21 C:\wamp\www\PPE\framework\web\actions\CInlineAction.php(49): ArticleController->actionIndex()
#22 C:\wamp\www\PPE\framework\web\CController.php(308): CInlineAction->runWithParams(Array)
#23 C:\wamp\www\PPE\framework\web\filters\CFilterChain.php(133): CController->runAction(Object(CInlineAction))
#24 C:\wamp\www\PPE\framework\web\filters\CFilter.php(40): CFilterChain->run()
#25 C:\wamp\www\PPE\framework\web\CController.php(1145): CFilter->filter(Object(CFilterChain))
#26 C:\wamp\www\PPE\framework\web\filters\CInlineFilter.php(58): CController->filterAccessControl(Object(CFilterChain))
#27 C:\wamp\www\PPE\framework\web\filters\CFilterChain.php(130): CInlineFilter->filter(Object(CFilterChain))
#28 C:\wamp\www\PPE\framework\web\CController.php(291): CFilterChain->run()
#29 C:\wamp\www\PPE\framework\web\CController.php(265): CController->runActionWithFilters(Object(CInlineAction), Array)
#30 C:\wamp\www\PPE\framework\web\CWebApplication.php(282): CController->run('')
#31 C:\wamp\www\PPE\framework\web\CWebApplication.php(141): CWebApplication->runController('article')
#32 C:\wamp\www\PPE\framework\base\CApplication.php(180): CWebApplication->processRequest()
#33 C:\wamp\www\PPE\admin\index.php(13): CApplication->run()
#34 {main}
REQUEST_URI=/PPE/admin/index.php?r=article
HTTP_REFERER=http://localhost/PPE/admin/index.php
---
2013/11/25 21:37:57 [error] [exception.CDbException] exception 'CDbException' with message 'CDbConnection failed to open the DB connection: SQLSTATE[HY000] [1045] Access denied for user 'ecolededanse'@'localhost' (using password: YES)' in C:\wamp\www\PPE\framework\db\CDbConnection.php:382
Stack trace:
#0 C:\wamp\www\PPE\framework\db\CDbConnection.php(330): CDbConnection->open()
#1 C:\wamp\www\PPE\framework\db\CDbConnection.php(308): CDbConnection->setActive(true)
#2 C:\wamp\www\PPE\framework\base\CModule.php(387): CDbConnection->init()
#3 C:\wamp\www\PPE\framework\base\CApplication.php(450): CModule->getComponent('db')
#4 C:\wamp\www\PPE\framework\db\ar\CActiveRecord.php(634): CApplication->getDb()
#5 C:\wamp\www\PPE\framework\db\ar\CActiveRecord.php(667): CActiveRecord->getDbConnection()
#6 C:\wamp\www\PPE\framework\db\ar\CActiveRecord.php(1595): CActiveRecord->getCommandBuilder()
#7 C:\wamp\www\PPE\framework\web\CActiveDataProvider.php(228): CActiveRecord->count(Object(CDbCriteria))
#8 C:\wamp\www\PPE\framework\web\CDataProvider.php(224): CActiveDataProvider->calculateTotalItemCount()
#9 C:\wamp\www\PPE\framework\web\CActiveDataProvider.php(178): CDataProvider->getTotalItemCount()
#10 C:\wamp\www\PPE\framework\web\CDataProvider.php(168): CActiveDataProvider->fetchData()
#11 C:\wamp\www\PPE\framework\zii\widgets\CBaseListView.php(111): CDataProvider->getData()
#12 C:\wamp\www\PPE\framework\zii\widgets\CListView.php(211): CBaseListView->init()
#13 C:\wamp\www\PPE\framework\web\CBaseController.php(147): CListView->init()
#14 C:\wamp\www\PPE\framework\web\CBaseController.php(172): CBaseController->createWidget('zii.widgets.CLi...', Array)
#15 C:\wamp\www\PPE\admin\protected\views\article\index.php(20): CBaseController->widget('zii.widgets.CLi...', Array)
#16 C:\wamp\www\PPE\framework\web\CBaseController.php(126): require('C:\wamp\www\PPE...')
#17 C:\wamp\www\PPE\framework\web\CBaseController.php(95): CBaseController->renderInternal('C:\wamp\www\PPE...', Array, true)
#18 C:\wamp\www\PPE\framework\web\CController.php(869): CBaseController->renderFile('C:\wamp\www\PPE...', Array, true)
#19 C:\wamp\www\PPE\framework\web\CController.php(782): CController->renderPartial('index', Array, true)
#20 C:\wamp\www\PPE\admin\protected\controllers\ArticleController.php(128): CController->render('index', Array)
#21 C:\wamp\www\PPE\framework\web\actions\CInlineAction.php(49): ArticleController->actionIndex()
#22 C:\wamp\www\PPE\framework\web\CController.php(308): CInlineAction->runWithParams(Array)
#23 C:\wamp\www\PPE\framework\web\filters\CFilterChain.php(133): CController->runAction(Object(CInlineAction))
#24 C:\wamp\www\PPE\framework\web\filters\CFilter.php(40): CFilterChain->run()
#25 C:\wamp\www\PPE\framework\web\CController.php(1145): CFilter->filter(Object(CFilterChain))
#26 C:\wamp\www\PPE\framework\web\filters\CInlineFilter.php(58): CController->filterAccessControl(Object(CFilterChain))
#27 C:\wamp\www\PPE\framework\web\filters\CFilterChain.php(130): CInlineFilter->filter(Object(CFilterChain))
#28 C:\wamp\www\PPE\framework\web\CController.php(291): CFilterChain->run()
#29 C:\wamp\www\PPE\framework\web\CController.php(265): CController->runActionWithFilters(Object(CInlineAction), Array)
#30 C:\wamp\www\PPE\framework\web\CWebApplication.php(282): CController->run('')
#31 C:\wamp\www\PPE\framework\web\CWebApplication.php(141): CWebApplication->runController('article')
#32 C:\wamp\www\PPE\framework\base\CApplication.php(180): CWebApplication->processRequest()
#33 C:\wamp\www\PPE\admin\index.php(13): CApplication->run()
#34 {main}
REQUEST_URI=/PPE/admin/index.php?r=article
HTTP_REFERER=http://localhost/PPE/admin/index.php
---
2013/11/25 21:37:58 [error] [exception.CDbException] exception 'CDbException' with message 'CDbConnection failed to open the DB connection: SQLSTATE[HY000] [1045] Access denied for user 'ecolededanse'@'localhost' (using password: YES)' in C:\wamp\www\PPE\framework\db\CDbConnection.php:382
Stack trace:
#0 C:\wamp\www\PPE\framework\db\CDbConnection.php(330): CDbConnection->open()
#1 C:\wamp\www\PPE\framework\db\CDbConnection.php(308): CDbConnection->setActive(true)
#2 C:\wamp\www\PPE\framework\base\CModule.php(387): CDbConnection->init()
#3 C:\wamp\www\PPE\framework\base\CApplication.php(450): CModule->getComponent('db')
#4 C:\wamp\www\PPE\framework\db\ar\CActiveRecord.php(634): CApplication->getDb()
#5 C:\wamp\www\PPE\framework\db\ar\CActiveRecord.php(667): CActiveRecord->getDbConnection()
#6 C:\wamp\www\PPE\framework\db\ar\CActiveRecord.php(1595): CActiveRecord->getCommandBuilder()
#7 C:\wamp\www\PPE\framework\web\CActiveDataProvider.php(228): CActiveRecord->count(Object(CDbCriteria))
#8 C:\wamp\www\PPE\framework\web\CDataProvider.php(224): CActiveDataProvider->calculateTotalItemCount()
#9 C:\wamp\www\PPE\framework\web\CActiveDataProvider.php(178): CDataProvider->getTotalItemCount()
#10 C:\wamp\www\PPE\framework\web\CDataProvider.php(168): CActiveDataProvider->fetchData()
#11 C:\wamp\www\PPE\framework\zii\widgets\CBaseListView.php(111): CDataProvider->getData()
#12 C:\wamp\www\PPE\framework\zii\widgets\CListView.php(211): CBaseListView->init()
#13 C:\wamp\www\PPE\framework\web\CBaseController.php(147): CListView->init()
#14 C:\wamp\www\PPE\framework\web\CBaseController.php(172): CBaseController->createWidget('zii.widgets.CLi...', Array)
#15 C:\wamp\www\PPE\admin\protected\views\article\index.php(20): CBaseController->widget('zii.widgets.CLi...', Array)
#16 C:\wamp\www\PPE\framework\web\CBaseController.php(126): require('C:\wamp\www\PPE...')
#17 C:\wamp\www\PPE\framework\web\CBaseController.php(95): CBaseController->renderInternal('C:\wamp\www\PPE...', Array, true)
#18 C:\wamp\www\PPE\framework\web\CController.php(869): CBaseController->renderFile('C:\wamp\www\PPE...', Array, true)
#19 C:\wamp\www\PPE\framework\web\CController.php(782): CController->renderPartial('index', Array, true)
#20 C:\wamp\www\PPE\admin\protected\controllers\ArticleController.php(128): CController->render('index', Array)
#21 C:\wamp\www\PPE\framework\web\actions\CInlineAction.php(49): ArticleController->actionIndex()
#22 C:\wamp\www\PPE\framework\web\CController.php(308): CInlineAction->runWithParams(Array)
#23 C:\wamp\www\PPE\framework\web\filters\CFilterChain.php(133): CController->runAction(Object(CInlineAction))
#24 C:\wamp\www\PPE\framework\web\filters\CFilter.php(40): CFilterChain->run()
#25 C:\wamp\www\PPE\framework\web\CController.php(1145): CFilter->filter(Object(CFilterChain))
#26 C:\wamp\www\PPE\framework\web\filters\CInlineFilter.php(58): CController->filterAccessControl(Object(CFilterChain))
#27 C:\wamp\www\PPE\framework\web\filters\CFilterChain.php(130): CInlineFilter->filter(Object(CFilterChain))
#28 C:\wamp\www\PPE\framework\web\CController.php(291): CFilterChain->run()
#29 C:\wamp\www\PPE\framework\web\CController.php(265): CController->runActionWithFilters(Object(CInlineAction), Array)
#30 C:\wamp\www\PPE\framework\web\CWebApplication.php(282): CController->run('')
#31 C:\wamp\www\PPE\framework\web\CWebApplication.php(141): CWebApplication->runController('article')
#32 C:\wamp\www\PPE\framework\base\CApplication.php(180): CWebApplication->processRequest()
#33 C:\wamp\www\PPE\admin\index.php(13): CApplication->run()
#34 {main}
REQUEST_URI=/PPE/admin/index.php?r=article
HTTP_REFERER=http://localhost/PPE/admin/index.php
---
2013/11/25 21:38:03 [error] [exception.CDbException] exception 'CDbException' with message 'CDbConnection failed to open the DB connection: SQLSTATE[HY000] [1045] Access denied for user 'ecolededanse'@'localhost' (using password: YES)' in C:\wamp\www\PPE\framework\db\CDbConnection.php:382
Stack trace:
#0 C:\wamp\www\PPE\framework\db\CDbConnection.php(330): CDbConnection->open()
#1 C:\wamp\www\PPE\framework\db\CDbConnection.php(308): CDbConnection->setActive(true)
#2 C:\wamp\www\PPE\framework\base\CModule.php(387): CDbConnection->init()
#3 C:\wamp\www\PPE\framework\base\CApplication.php(450): CModule->getComponent('db')
#4 C:\wamp\www\PPE\framework\db\ar\CActiveRecord.php(634): CApplication->getDb()
#5 C:\wamp\www\PPE\framework\db\ar\CActiveRecord.php(667): CActiveRecord->getDbConnection()
#6 C:\wamp\www\PPE\framework\db\ar\CActiveRecord.php(1595): CActiveRecord->getCommandBuilder()
#7 C:\wamp\www\PPE\framework\web\CActiveDataProvider.php(228): CActiveRecord->count(Object(CDbCriteria))
#8 C:\wamp\www\PPE\framework\web\CDataProvider.php(224): CActiveDataProvider->calculateTotalItemCount()
#9 C:\wamp\www\PPE\framework\web\CActiveDataProvider.php(178): CDataProvider->getTotalItemCount()
#10 C:\wamp\www\PPE\framework\web\CDataProvider.php(168): CActiveDataProvider->fetchData()
#11 C:\wamp\www\PPE\framework\zii\widgets\CBaseListView.php(111): CDataProvider->getData()
#12 C:\wamp\www\PPE\framework\zii\widgets\CListView.php(211): CBaseListView->init()
#13 C:\wamp\www\PPE\framework\web\CBaseController.php(147): CListView->init()
#14 C:\wamp\www\PPE\framework\web\CBaseController.php(172): CBaseController->createWidget('zii.widgets.CLi...', Array)
#15 C:\wamp\www\PPE\admin\protected\views\cours\index.php(20): CBaseController->widget('zii.widgets.CLi...', Array)
#16 C:\wamp\www\PPE\framework\web\CBaseController.php(126): require('C:\wamp\www\PPE...')
#17 C:\wamp\www\PPE\framework\web\CBaseController.php(95): CBaseController->renderInternal('C:\wamp\www\PPE...', Array, true)
#18 C:\wamp\www\PPE\framework\web\CController.php(869): CBaseController->renderFile('C:\wamp\www\PPE...', Array, true)
#19 C:\wamp\www\PPE\framework\web\CController.php(782): CController->renderPartial('index', Array, true)
#20 C:\wamp\www\PPE\admin\protected\controllers\CoursController.php(128): CController->render('index', Array)
#21 C:\wamp\www\PPE\framework\web\actions\CInlineAction.php(49): CoursController->actionIndex()
#22 C:\wamp\www\PPE\framework\web\CController.php(308): CInlineAction->runWithParams(Array)
#23 C:\wamp\www\PPE\framework\web\filters\CFilterChain.php(133): CController->runAction(Object(CInlineAction))
#24 C:\wamp\www\PPE\framework\web\filters\CFilter.php(40): CFilterChain->run()
#25 C:\wamp\www\PPE\framework\web\CController.php(1145): CFilter->filter(Object(CFilterChain))
#26 C:\wamp\www\PPE\framework\web\filters\CInlineFilter.php(58): CController->filterAccessControl(Object(CFilterChain))
#27 C:\wamp\www\PPE\framework\web\filters\CFilterChain.php(130): CInlineFilter->filter(Object(CFilterChain))
#28 C:\wamp\www\PPE\framework\web\CController.php(291): CFilterChain->run()
#29 C:\wamp\www\PPE\framework\web\CController.php(265): CController->runActionWithFilters(Object(CInlineAction), Array)
#30 C:\wamp\www\PPE\framework\web\CWebApplication.php(282): CController->run('')
#31 C:\wamp\www\PPE\framework\web\CWebApplication.php(141): CWebApplication->runController('cours')
#32 C:\wamp\www\PPE\framework\base\CApplication.php(180): CWebApplication->processRequest()
#33 C:\wamp\www\PPE\admin\index.php(13): CApplication->run()
#34 {main}
REQUEST_URI=/PPE/admin/index.php?r=cours
HTTP_REFERER=http://localhost/PPE/admin/index.php
---
2013/11/25 21:38:07 [error] [exception.CDbException] exception 'CDbException' with message 'CDbConnection failed to open the DB connection: SQLSTATE[HY000] [1045] Access denied for user 'ecolededanse'@'localhost' (using password: YES)' in C:\wamp\www\PPE\framework\db\CDbConnection.php:382
Stack trace:
#0 C:\wamp\www\PPE\framework\db\CDbConnection.php(330): CDbConnection->open()
#1 C:\wamp\www\PPE\framework\db\CDbConnection.php(308): CDbConnection->setActive(true)
#2 C:\wamp\www\PPE\framework\base\CModule.php(387): CDbConnection->init()
#3 C:\wamp\www\PPE\framework\base\CApplication.php(450): CModule->getComponent('db')
#4 C:\wamp\www\PPE\framework\db\ar\CActiveRecord.php(634): CApplication->getDb()
#5 C:\wamp\www\PPE\framework\db\ar\CActiveRecord.php(667): CActiveRecord->getDbConnection()
#6 C:\wamp\www\PPE\framework\db\ar\CActiveRecord.php(1595): CActiveRecord->getCommandBuilder()
#7 C:\wamp\www\PPE\framework\web\CActiveDataProvider.php(228): CActiveRecord->count(Object(CDbCriteria))
#8 C:\wamp\www\PPE\framework\web\CDataProvider.php(224): CActiveDataProvider->calculateTotalItemCount()
#9 C:\wamp\www\PPE\framework\web\CActiveDataProvider.php(178): CDataProvider->getTotalItemCount()
#10 C:\wamp\www\PPE\framework\web\CDataProvider.php(168): CActiveDataProvider->fetchData()
#11 C:\wamp\www\PPE\framework\zii\widgets\CBaseListView.php(111): CDataProvider->getData()
#12 C:\wamp\www\PPE\framework\zii\widgets\CListView.php(211): CBaseListView->init()
#13 C:\wamp\www\PPE\framework\web\CBaseController.php(147): CListView->init()
#14 C:\wamp\www\PPE\framework\web\CBaseController.php(172): CBaseController->createWidget('zii.widgets.CLi...', Array)
#15 C:\wamp\www\PPE\admin\protected\views\responsable\index.php(20): CBaseController->widget('zii.widgets.CLi...', Array)
#16 C:\wamp\www\PPE\framework\web\CBaseController.php(126): require('C:\wamp\www\PPE...')
#17 C:\wamp\www\PPE\framework\web\CBaseController.php(95): CBaseController->renderInternal('C:\wamp\www\PPE...', Array, true)
#18 C:\wamp\www\PPE\framework\web\CController.php(869): CBaseController->renderFile('C:\wamp\www\PPE...', Array, true)
#19 C:\wamp\www\PPE\framework\web\CController.php(782): CController->renderPartial('index', Array, true)
#20 C:\wamp\www\PPE\admin\protected\controllers\ResponsableController.php(128): CController->render('index', Array)
#21 C:\wamp\www\PPE\framework\web\actions\CInlineAction.php(49): ResponsableController->actionIndex()
#22 C:\wamp\www\PPE\framework\web\CController.php(308): CInlineAction->runWithParams(Array)
#23 C:\wamp\www\PPE\framework\web\filters\CFilterChain.php(133): CController->runAction(Object(CInlineAction))
#24 C:\wamp\www\PPE\framework\web\filters\CFilter.php(40): CFilterChain->run()
#25 C:\wamp\www\PPE\framework\web\CController.php(1145): CFilter->filter(Object(CFilterChain))
#26 C:\wamp\www\PPE\framework\web\filters\CInlineFilter.php(58): CController->filterAccessControl(Object(CFilterChain))
#27 C:\wamp\www\PPE\framework\web\filters\CFilterChain.php(130): CInlineFilter->filter(Object(CFilterChain))
#28 C:\wamp\www\PPE\framework\web\CController.php(291): CFilterChain->run()
#29 C:\wamp\www\PPE\framework\web\CController.php(265): CController->runActionWithFilters(Object(CInlineAction), Array)
#30 C:\wamp\www\PPE\framework\web\CWebApplication.php(282): CController->run('')
#31 C:\wamp\www\PPE\framework\web\CWebApplication.php(141): CWebApplication->runController('responsable')
#32 C:\wamp\www\PPE\framework\base\CApplication.php(180): CWebApplication->processRequest()
#33 C:\wamp\www\PPE\admin\index.php(13): CApplication->run()
#34 {main}
REQUEST_URI=/PPE/admin/index.php?r=responsable
HTTP_REFERER=http://localhost/PPE/admin/index.php
---
2013/11/25 21:38:07 [error] [exception.CDbException] exception 'CDbException' with message 'CDbConnection failed to open the DB connection: SQLSTATE[HY000] [1045] Access denied for user 'ecolededanse'@'localhost' (using password: YES)' in C:\wamp\www\PPE\framework\db\CDbConnection.php:382
Stack trace:
#0 C:\wamp\www\PPE\framework\db\CDbConnection.php(330): CDbConnection->open()
#1 C:\wamp\www\PPE\framework\db\CDbConnection.php(308): CDbConnection->setActive(true)
#2 C:\wamp\www\PPE\framework\base\CModule.php(387): CDbConnection->init()
#3 C:\wamp\www\PPE\framework\base\CApplication.php(450): CModule->getComponent('db')
#4 C:\wamp\www\PPE\framework\db\ar\CActiveRecord.php(634): CApplication->getDb()
#5 C:\wamp\www\PPE\framework\db\ar\CActiveRecord.php(667): CActiveRecord->getDbConnection()
#6 C:\wamp\www\PPE\framework\db\ar\CActiveRecord.php(1595): CActiveRecord->getCommandBuilder()
#7 C:\wamp\www\PPE\framework\web\CActiveDataProvider.php(228): CActiveRecord->count(Object(CDbCriteria))
#8 C:\wamp\www\PPE\framework\web\CDataProvider.php(224): CActiveDataProvider->calculateTotalItemCount()
#9 C:\wamp\www\PPE\framework\web\CActiveDataProvider.php(178): CDataProvider->getTotalItemCount()
#10 C:\wamp\www\PPE\framework\web\CDataProvider.php(168): CActiveDataProvider->fetchData()
#11 C:\wamp\www\PPE\framework\zii\widgets\CBaseListView.php(111): CDataProvider->getData()
#12 C:\wamp\www\PPE\framework\zii\widgets\CListView.php(211): CBaseListView->init()
#13 C:\wamp\www\PPE\framework\web\CBaseController.php(147): CListView->init()
#14 C:\wamp\www\PPE\framework\web\CBaseController.php(172): CBaseController->createWidget('zii.widgets.CLi...', Array)
#15 C:\wamp\www\PPE\admin\protected\views\responsable\index.php(20): CBaseController->widget('zii.widgets.CLi...', Array)
#16 C:\wamp\www\PPE\framework\web\CBaseController.php(126): require('C:\wamp\www\PPE...')
#17 C:\wamp\www\PPE\framework\web\CBaseController.php(95): CBaseController->renderInternal('C:\wamp\www\PPE...', Array, true)
#18 C:\wamp\www\PPE\framework\web\CController.php(869): CBaseController->renderFile('C:\wamp\www\PPE...', Array, true)
#19 C:\wamp\www\PPE\framework\web\CController.php(782): CController->renderPartial('index', Array, true)
#20 C:\wamp\www\PPE\admin\protected\controllers\ResponsableController.php(128): CController->render('index', Array)
#21 C:\wamp\www\PPE\framework\web\actions\CInlineAction.php(49): ResponsableController->actionIndex()
#22 C:\wamp\www\PPE\framework\web\CController.php(308): CInlineAction->runWithParams(Array)
#23 C:\wamp\www\PPE\framework\web\filters\CFilterChain.php(133): CController->runAction(Object(CInlineAction))
#24 C:\wamp\www\PPE\framework\web\filters\CFilter.php(40): CFilterChain->run()
#25 C:\wamp\www\PPE\framework\web\CController.php(1145): CFilter->filter(Object(CFilterChain))
#26 C:\wamp\www\PPE\framework\web\filters\CInlineFilter.php(58): CController->filterAccessControl(Object(CFilterChain))
#27 C:\wamp\www\PPE\framework\web\filters\CFilterChain.php(130): CInlineFilter->filter(Object(CFilterChain))
#28 C:\wamp\www\PPE\framework\web\CController.php(291): CFilterChain->run()
#29 C:\wamp\www\PPE\framework\web\CController.php(265): CController->runActionWithFilters(Object(CInlineAction), Array)
#30 C:\wamp\www\PPE\framework\web\CWebApplication.php(282): CController->run('')
#31 C:\wamp\www\PPE\framework\web\CWebApplication.php(141): CWebApplication->runController('responsable')
#32 C:\wamp\www\PPE\framework\base\CApplication.php(180): CWebApplication->processRequest()
#33 C:\wamp\www\PPE\admin\index.php(13): CApplication->run()
#34 {main}
REQUEST_URI=/PPE/admin/index.php?r=responsable
HTTP_REFERER=http://localhost/PPE/admin/index.php
---
2013/11/25 21:38:09 [error] [exception.CDbException] exception 'CDbException' with message 'CDbConnection failed to open the DB connection: SQLSTATE[HY000] [1045] Access denied for user 'ecolededanse'@'localhost' (using password: YES)' in C:\wamp\www\PPE\framework\db\CDbConnection.php:382
Stack trace:
#0 C:\wamp\www\PPE\framework\db\CDbConnection.php(330): CDbConnection->open()
#1 C:\wamp\www\PPE\framework\db\CDbConnection.php(308): CDbConnection->setActive(true)
#2 C:\wamp\www\PPE\framework\base\CModule.php(387): CDbConnection->init()
#3 C:\wamp\www\PPE\framework\base\CApplication.php(450): CModule->getComponent('db')
#4 C:\wamp\www\PPE\framework\db\ar\CActiveRecord.php(634): CApplication->getDb()
#5 C:\wamp\www\PPE\framework\db\ar\CActiveRecord.php(667): CActiveRecord->getDbConnection()
#6 C:\wamp\www\PPE\framework\db\ar\CActiveRecord.php(1595): CActiveRecord->getCommandBuilder()
#7 C:\wamp\www\PPE\framework\web\CActiveDataProvider.php(228): CActiveRecord->count(Object(CDbCriteria))
#8 C:\wamp\www\PPE\framework\web\CDataProvider.php(224): CActiveDataProvider->calculateTotalItemCount()
#9 C:\wamp\www\PPE\framework\web\CActiveDataProvider.php(178): CDataProvider->getTotalItemCount()
#10 C:\wamp\www\PPE\framework\web\CDataProvider.php(168): CActiveDataProvider->fetchData()
#11 C:\wamp\www\PPE\framework\zii\widgets\CBaseListView.php(111): CDataProvider->getData()
#12 C:\wamp\www\PPE\framework\zii\widgets\CListView.php(211): CBaseListView->init()
#13 C:\wamp\www\PPE\framework\web\CBaseController.php(147): CListView->init()
#14 C:\wamp\www\PPE\framework\web\CBaseController.php(172): CBaseController->createWidget('zii.widgets.CLi...', Array)
#15 C:\wamp\www\PPE\admin\protected\views\equipe\index.php(20): CBaseController->widget('zii.widgets.CLi...', Array)
#16 C:\wamp\www\PPE\framework\web\CBaseController.php(126): require('C:\wamp\www\PPE...')
#17 C:\wamp\www\PPE\framework\web\CBaseController.php(95): CBaseController->renderInternal('C:\wamp\www\PPE...', Array, true)
#18 C:\wamp\www\PPE\framework\web\CController.php(869): CBaseController->renderFile('C:\wamp\www\PPE...', Array, true)
#19 C:\wamp\www\PPE\framework\web\CController.php(782): CController->renderPartial('index', Array, true)
#20 C:\wamp\www\PPE\admin\protected\controllers\EquipeController.php(128): CController->render('index', Array)
#21 C:\wamp\www\PPE\framework\web\actions\CInlineAction.php(49): EquipeController->actionIndex()
#22 C:\wamp\www\PPE\framework\web\CController.php(308): CInlineAction->runWithParams(Array)
#23 C:\wamp\www\PPE\framework\web\filters\CFilterChain.php(133): CController->runAction(Object(CInlineAction))
#24 C:\wamp\www\PPE\framework\web\filters\CFilter.php(40): CFilterChain->run()
#25 C:\wamp\www\PPE\framework\web\CController.php(1145): CFilter->filter(Object(CFilterChain))
#26 C:\wamp\www\PPE\framework\web\filters\CInlineFilter.php(58): CController->filterAccessControl(Object(CFilterChain))
#27 C:\wamp\www\PPE\framework\web\filters\CFilterChain.php(130): CInlineFilter->filter(Object(CFilterChain))
#28 C:\wamp\www\PPE\framework\web\CController.php(291): CFilterChain->run()
#29 C:\wamp\www\PPE\framework\web\CController.php(265): CController->runActionWithFilters(Object(CInlineAction), Array)
#30 C:\wamp\www\PPE\framework\web\CWebApplication.php(282): CController->run('')
#31 C:\wamp\www\PPE\framework\web\CWebApplication.php(141): CWebApplication->runController('equipe')
#32 C:\wamp\www\PPE\framework\base\CApplication.php(180): CWebApplication->processRequest()
#33 C:\wamp\www\PPE\admin\index.php(13): CApplication->run()
#34 {main}
REQUEST_URI=/PPE/admin/index.php?r=equipe
HTTP_REFERER=http://localhost/PPE/admin/index.php
---
2013/11/25 21:38:16 [error] [exception.CDbException] exception 'CDbException' with message 'CDbConnection failed to open the DB connection: SQLSTATE[HY000] [1045] Access denied for user 'ecolededanse'@'localhost' (using password: YES)' in C:\wamp\www\PPE\framework\db\CDbConnection.php:382
Stack trace:
#0 C:\wamp\www\PPE\framework\db\CDbConnection.php(330): CDbConnection->open()
#1 C:\wamp\www\PPE\framework\db\CDbConnection.php(308): CDbConnection->setActive(true)
#2 C:\wamp\www\PPE\framework\base\CModule.php(387): CDbConnection->init()
#3 C:\wamp\www\PPE\framework\base\CApplication.php(450): CModule->getComponent('db')
#4 C:\wamp\www\PPE\framework\db\ar\CActiveRecord.php(634): CApplication->getDb()
#5 C:\wamp\www\PPE\framework\db\ar\CActiveRecord.php(667): CActiveRecord->getDbConnection()
#6 C:\wamp\www\PPE\framework\db\ar\CActiveRecord.php(1595): CActiveRecord->getCommandBuilder()
#7 C:\wamp\www\PPE\framework\web\CActiveDataProvider.php(228): CActiveRecord->count(Object(CDbCriteria))
#8 C:\wamp\www\PPE\framework\web\CDataProvider.php(224): CActiveDataProvider->calculateTotalItemCount()
#9 C:\wamp\www\PPE\framework\web\CActiveDataProvider.php(178): CDataProvider->getTotalItemCount()
#10 C:\wamp\www\PPE\framework\web\CDataProvider.php(168): CActiveDataProvider->fetchData()
#11 C:\wamp\www\PPE\framework\zii\widgets\CBaseListView.php(111): CDataProvider->getData()
#12 C:\wamp\www\PPE\framework\zii\widgets\CListView.php(211): CBaseListView->init()
#13 C:\wamp\www\PPE\framework\web\CBaseController.php(147): CListView->init()
#14 C:\wamp\www\PPE\framework\web\CBaseController.php(172): CBaseController->createWidget('zii.widgets.CLi...', Array)
#15 C:\wamp\www\PPE\admin\protected\views\equipe\index.php(20): CBaseController->widget('zii.widgets.CLi...', Array)
#16 C:\wamp\www\PPE\framework\web\CBaseController.php(126): require('C:\wamp\www\PPE...')
#17 C:\wamp\www\PPE\framework\web\CBaseController.php(95): CBaseController->renderInternal('C:\wamp\www\PPE...', Array, true)
#18 C:\wamp\www\PPE\framework\web\CController.php(869): CBaseController->renderFile('C:\wamp\www\PPE...', Array, true)
#19 C:\wamp\www\PPE\framework\web\CController.php(782): CController->renderPartial('index', Array, true)
#20 C:\wamp\www\PPE\admin\protected\controllers\EquipeController.php(128): CController->render('index', Array)
#21 C:\wamp\www\PPE\framework\web\actions\CInlineAction.php(49): EquipeController->actionIndex()
#22 C:\wamp\www\PPE\framework\web\CController.php(308): CInlineAction->runWithParams(Array)
#23 C:\wamp\www\PPE\framework\web\filters\CFilterChain.php(133): CController->runAction(Object(CInlineAction))
#24 C:\wamp\www\PPE\framework\web\filters\CFilter.php(40): CFilterChain->run()
#25 C:\wamp\www\PPE\framework\web\CController.php(1145): CFilter->filter(Object(CFilterChain))
#26 C:\wamp\www\PPE\framework\web\filters\CInlineFilter.php(58): CController->filterAccessControl(Object(CFilterChain))
#27 C:\wamp\www\PPE\framework\web\filters\CFilterChain.php(130): CInlineFilter->filter(Object(CFilterChain))
#28 C:\wamp\www\PPE\framework\web\CController.php(291): CFilterChain->run()
#29 C:\wamp\www\PPE\framework\web\CController.php(265): CController->runActionWithFilters(Object(CInlineAction), Array)
#30 C:\wamp\www\PPE\framework\web\CWebApplication.php(282): CController->run('')
#31 C:\wamp\www\PPE\framework\web\CWebApplication.php(141): CWebApplication->runController('equipe')
#32 C:\wamp\www\PPE\framework\base\CApplication.php(180): CWebApplication->processRequest()
#33 C:\wamp\www\PPE\admin\index.php(13): CApplication->run()
#34 {main}
REQUEST_URI=/PPE/admin/index.php?r=equipe
HTTP_REFERER=http://localhost/PPE/admin/index.php
---
2013/11/25 21:54:18 [error] [exception.CDbException] exception 'CDbException' with message 'CDbConnection failed to open the DB connection: SQLSTATE[HY000] [1045] Access denied for user 'ecolededanse'@'localhost' (using password: YES)' in C:\wamp\www\PPE\framework\db\CDbConnection.php:382
Stack trace:
#0 C:\wamp\www\PPE\framework\db\CDbConnection.php(330): CDbConnection->open()
#1 C:\wamp\www\PPE\framework\db\CDbConnection.php(308): CDbConnection->setActive(true)
#2 C:\wamp\www\PPE\framework\base\CModule.php(387): CDbConnection->init()
#3 C:\wamp\www\PPE\framework\base\CApplication.php(450): CModule->getComponent('db')
#4 C:\wamp\www\PPE\framework\db\ar\CActiveRecord.php(634): CApplication->getDb()
#5 C:\wamp\www\PPE\framework\db\ar\CActiveRecord.php(667): CActiveRecord->getDbConnection()
#6 C:\wamp\www\PPE\framework\db\ar\CActiveRecord.php(1595): CActiveRecord->getCommandBuilder()
#7 C:\wamp\www\PPE\framework\web\CActiveDataProvider.php(228): CActiveRecord->count(Object(CDbCriteria))
#8 C:\wamp\www\PPE\framework\web\CDataProvider.php(224): CActiveDataProvider->calculateTotalItemCount()
#9 C:\wamp\www\PPE\framework\web\CActiveDataProvider.php(178): CDataProvider->getTotalItemCount()
#10 C:\wamp\www\PPE\framework\web\CDataProvider.php(168): CActiveDataProvider->fetchData()
#11 C:\wamp\www\PPE\framework\zii\widgets\CBaseListView.php(111): CDataProvider->getData()
#12 C:\wamp\www\PPE\framework\zii\widgets\CListView.php(211): CBaseListView->init()
#13 C:\wamp\www\PPE\framework\web\CBaseController.php(147): CListView->init()
#14 C:\wamp\www\PPE\framework\web\CBaseController.php(172): CBaseController->createWidget('zii.widgets.CLi...', Array)
#15 C:\wamp\www\PPE\admin\protected\views\article\index.php(20): CBaseController->widget('zii.widgets.CLi...', Array)
#16 C:\wamp\www\PPE\framework\web\CBaseController.php(126): require('C:\wamp\www\PPE...')
#17 C:\wamp\www\PPE\framework\web\CBaseController.php(95): CBaseController->renderInternal('C:\wamp\www\PPE...', Array, true)
#18 C:\wamp\www\PPE\framework\web\CController.php(869): CBaseController->renderFile('C:\wamp\www\PPE...', Array, true)
#19 C:\wamp\www\PPE\framework\web\CController.php(782): CController->renderPartial('index', Array, true)
#20 C:\wamp\www\PPE\admin\protected\controllers\ArticleController.php(128): CController->render('index', Array)
#21 C:\wamp\www\PPE\framework\web\actions\CInlineAction.php(49): ArticleController->actionIndex()
#22 C:\wamp\www\PPE\framework\web\CController.php(308): CInlineAction->runWithParams(Array)
#23 C:\wamp\www\PPE\framework\web\filters\CFilterChain.php(133): CController->runAction(Object(CInlineAction))
#24 C:\wamp\www\PPE\framework\web\filters\CFilter.php(40): CFilterChain->run()
#25 C:\wamp\www\PPE\framework\web\CController.php(1145): CFilter->filter(Object(CFilterChain))
#26 C:\wamp\www\PPE\framework\web\filters\CInlineFilter.php(58): CController->filterAccessControl(Object(CFilterChain))
#27 C:\wamp\www\PPE\framework\web\filters\CFilterChain.php(130): CInlineFilter->filter(Object(CFilterChain))
#28 C:\wamp\www\PPE\framework\web\CController.php(291): CFilterChain->run()
#29 C:\wamp\www\PPE\framework\web\CController.php(265): CController->runActionWithFilters(Object(CInlineAction), Array)
#30 C:\wamp\www\PPE\framework\web\CWebApplication.php(282): CController->run('')
#31 C:\wamp\www\PPE\framework\web\CWebApplication.php(141): CWebApplication->runController('article')
#32 C:\wamp\www\PPE\framework\base\CApplication.php(180): CWebApplication->processRequest()
#33 C:\wamp\www\PPE\admin\index.php(13): CApplication->run()
#34 {main}
REQUEST_URI=/PPE/admin/index.php?r=article
HTTP_REFERER=http://localhost/PPE/admin/index.php?r=site/index
---
